2025-04-16 16:42:29 LogWrapper init() ./logs/PriceStreamer.log
2025-04-16 16:42:39 
2025-04-16 16:42:39 
  instrument                             time        ask        bid
0    EUR_USD 2025-04-16 09:42:44.660781+00:00    1.13579    1.13562
1    GBP_JPY 2025-04-16 09:42:44.814836+00:00  189.39100  189.34100
2    EUR_JPY 2025-04-16 09:42:44.760899+00:00  162.14000  162.11800
3    USD_JPY 2025-04-16 09:42:44.701456+00:00  142.82600  142.81100
4    GBP_USD 2025-04-16 09:42:44.821698+00:00    1.32655    1.32637
5    EUR_GBP 2025-04-16 09:42:44.914089+00:00    0.85628    0.85613
6    USD_CAD 2025-04-16 09:42:44.639645+00:00    1.39138    1.39117
2025-04-16 16:42:59 
2025-04-16 16:42:59 
  instrument                             time        ask        bid
0    EUR_USD 2025-04-16 09:43:05.084277+00:00    1.13588    1.13572
1    GBP_JPY 2025-04-16 09:43:04.015690+00:00  189.41000  189.36400
2    EUR_JPY 2025-04-16 09:43:05.128119+00:00  162.15700  162.13000
3    USD_JPY 2025-04-16 09:43:05.128716+00:00  142.82800  142.80700
4    GBP_USD 2025-04-16 09:43:04.873050+00:00    1.32667    1.32647
5    EUR_GBP 2025-04-16 09:43:05.043293+00:00    0.85631    0.85616
6    USD_CAD 2025-04-16 09:43:04.839172+00:00    1.39139    1.39119
2025-04-16 16:43:19 
2025-04-16 16:43:19 
  instrument                             time        ask        bid
0    EUR_USD 2025-04-16 09:43:25.251217+00:00    1.13581    1.13565
1    GBP_JPY 2025-04-16 09:43:25.039701+00:00  189.38700  189.33700
2    EUR_JPY 2025-04-16 09:43:24.929865+00:00  162.16400  162.13500
3    USD_JPY 2025-04-16 09:43:24.995960+00:00  142.83200  142.81600
4    GBP_USD 2025-04-16 09:43:23.911859+00:00    1.32649    1.32632
5    EUR_GBP 2025-04-16 09:43:24.213101+00:00    0.85640    0.85624
6    USD_CAD 2025-04-16 09:43:23.159893+00:00    1.39139    1.39119
2025-04-16 16:43:39 
2025-04-16 16:43:39 
  instrument                             time        ask        bid
0    EUR_USD 2025-04-16 09:43:44.336598+00:00    1.13573    1.13556
1    GBP_JPY 2025-04-16 09:43:45.203937+00:00  189.38000  189.33600
2    EUR_JPY 2025-04-16 09:43:45.297371+00:00  162.15000  162.12900
3    USD_JPY 2025-04-16 09:43:45.107774+00:00  142.84200  142.82300
4    GBP_USD 2025-04-16 09:43:45.395795+00:00    1.32640    1.32619
5    EUR_GBP 2025-04-16 09:43:42.306038+00:00    0.85634    0.85618
6    USD_CAD 2025-04-16 09:43:44.415168+00:00    1.39150    1.39131
